<?xml version="1.0" encoding="UTF-8"?>
<!-- Generated by org.testng.reporters.JUnitReportReporter -->
<testsuite hostname="SAGITEC-0598" failures="0" tests="1" name="com.jenkins.demo.Deserelization" time="23.226" errors="0" timestamp="2020-12-21T17:33:52 IST" skipped="0">
  <testcase classname="com.jenkins.demo.Deserelization" name="testpojo" time="23.226"/>
  <system-out/>
</testsuite> <!-- com.jenkins.demo.Deserelization -->
